2025-11-10 13:10:43,253 - INFO - Processing page: https://putusan3.mahkamahagung.go.id/direktori/index/pengadilan/pn-surabaya/kategori/narkotika-dan-psikotropika-1/tahunjenis/putus/tahun/2025.html?obf=TANGGAL_PUTUS&obm=desc
2025-11-10 13:10:43,255 - INFO - Processing page: https://putusan3.mahkamahagung.go.id/direktori/index/pengadilan/pn-surabaya/kategori/narkotika-dan-psikotropika-1/tahunjenis/putus/tahun/2025.html?page=2&obf=TANGGAL_PUTUS&obm=desc
2025-11-10 13:10:43,256 - INFO - Processing page: https://putusan3.mahkamahagung.go.id/direktori/index/pengadilan/pn-surabaya/kategori/narkotika-dan-psikotropika-1/tahunjenis/putus/tahun/2025.html?page=3&obf=TANGGAL_PUTUS&obm=desc
2025-11-10 13:10:43,260 - INFO - Processing page: https://putusan3.mahkamahagung.go.id/direktori/index/pengadilan/pn-surabaya/kategori/narkotika-dan-psikotropika-1/tahunjenis/putus/tahun/2025.html?page=4&obf=TANGGAL_PUTUS&obm=desc
2025-11-10 13:11:22,116 - INFO - Successfully scraped and saved data and PDF for https://putusan3.mahkamahagung.go.id/direktori/putusan/zaf0a42664cdaa5caebb313630383435.html (PDF: putusan_1801_pid.sus_2025_pn_sby_20251110131119.pdf)
2025-11-10 13:11:23,386 - INFO - Skipping duplicate URL: https://putusan3.mahkamahagung.go.id/direktori/putusan/zaf0a42664cdaa5caebb313630383435.html
2025-11-10 13:11:41,335 - INFO - Skipping duplicate URL: https://putusan3.mahkamahagung.go.id/direktori/putusan/zaf0a42664cdaa5caebb313630383435.html
2025-11-10 13:12:05,963 - INFO - Successfully scraped and saved data and PDF for https://putusan3.mahkamahagung.go.id/direktori/putusan/zaf0a4220227e90ca450313533373232.html (PDF: putusan_1946_pid.sus_2025_pn_sby_20251110131158.pdf)
2025-11-10 13:12:06,048 - INFO - Successfully scraped and saved data and PDF for https://putusan3.mahkamahagung.go.id/direktori/putusan/zaf0a4220227e90ca450313533373232.html (PDF: putusan_1946_pid.sus_2025_pn_sby_20251110131200.pdf)
2025-11-10 13:12:10,820 - INFO - Skipping duplicate URL: https://putusan3.mahkamahagung.go.id/direktori/putusan/zaf0a42664cdaa5caebb313630383435.html
2025-11-10 13:12:10,821 - INFO - Skipping duplicate URL: https://putusan3.mahkamahagung.go.id/direktori/putusan/zaf0a4220227e90ca450313533373232.html
2025-11-10 13:12:46,314 - INFO - Successfully scraped and saved data and PDF for https://putusan3.mahkamahagung.go.id/direktori/putusan/zaf0a4220227e90ca450313533373232.html (PDF: putusan_1946_pid.sus_2025_pn_sby_20251110131242.pdf)
2025-11-10 13:13:00,026 - INFO - Successfully scraped and saved data and PDF for https://putusan3.mahkamahagung.go.id/direktori/putusan/zaf0a4182db315e28661313432373030.html (PDF: putusan_1846_pid.sus_2025_pn_sby_20251110131255.pdf)
2025-11-10 13:14:01,459 - INFO - Successfully scraped and saved data and PDF for https://putusan3.mahkamahagung.go.id/direktori/putusan/zaf0a4182db315e28661313432373030.html (PDF: putusan_1846_pid.sus_2025_pn_sby_20251110131355.pdf)
2025-11-10 13:14:57,430 - WARNING - Failed to download PDF for https://putusan3.mahkamahagung.go.id/direktori/putusan/zaf0a4182db315e28661313432373030.html: PDF download failed
2025-11-10 13:15:31,333 - INFO - Successfully scraped and saved data and PDF for https://putusan3.mahkamahagung.go.id/direktori/putusan/zaf0a3ed7ba045fcbe1a303932313232.html (PDF: putusan_1847_pid.sus_2025_pn_sby_20251110131528.pdf)
2025-11-10 13:15:42,559 - INFO - Successfully scraped and saved data and PDF for https://putusan3.mahkamahagung.go.id/direktori/putusan/zaf0a3ed7ba045fcbe1a303932313232.html (PDF: putusan_1847_pid.sus_2025_pn_sby_20251110131538.pdf)
2025-11-10 13:15:47,058 - INFO - Processing page: https://putusan3.mahkamahagung.go.id/direktori/index/pengadilan/pn-surabaya/kategori/narkotika-dan-psikotropika-1/tahunjenis/putus/tahun/2025.html?page=5&obf=TANGGAL_PUTUS&obm=desc
2025-11-10 13:16:21,394 - INFO - Successfully scraped and saved data and PDF for https://putusan3.mahkamahagung.go.id/direktori/putusan/zaf0a3e3dc810a5abc00303831323330.html (PDF: putusan_1631_pid.sus_2025_pn_sby_20251110131613.pdf)
2025-11-10 13:16:22,422 - INFO - Successfully scraped and saved data and PDF for https://putusan3.mahkamahagung.go.id/direktori/putusan/zaf0a3e3dc810a5abc00303831323330.html (PDF: putusan_1631_pid.sus_2025_pn_sby_20251110131618.pdf)
2025-11-10 13:16:57,903 - INFO - Successfully scraped and saved data and PDF for https://putusan3.mahkamahagung.go.id/direktori/putusan/zaf0a365071e2b648fa9313730343335.html (PDF: putusan_1877_pid.sus_2025_pn_sby_20251110131655.pdf)
2025-11-10 13:16:59,220 - INFO - Successfully scraped and saved data and PDF for https://putusan3.mahkamahagung.go.id/direktori/putusan/zaf0a365071e2b648fa9313730343335.html (PDF: putusan_1877_pid.sus_2025_pn_sby_20251110131655.pdf)
2025-11-10 13:17:14,787 - INFO - Successfully scraped and saved data and PDF for https://putusan3.mahkamahagung.go.id/direktori/putusan/zaf0a35aaa8a1aa2a727313535303235.html (PDF: putusan_1770_pid.sus_2025_pn_sby_20251110131711.pdf)
2025-11-10 13:17:24,588 - INFO - Successfully scraped and saved data and PDF for https://putusan3.mahkamahagung.go.id/direktori/putusan/zaf0a35aaa8a1aa2a727313535303235.html (PDF: putusan_1770_pid.sus_2025_pn_sby_20251110131720.pdf)
2025-11-10 13:17:30,816 - INFO - Successfully scraped and saved data and PDF for https://putusan3.mahkamahagung.go.id/direktori/putusan/zaf0a350d24507e68ebc313433393536.html (PDF: putusan_1716_pid.sus_2025_pn_sby_20251110131727.pdf)
2025-11-10 13:17:57,757 - INFO - Successfully scraped and saved data and PDF for https://putusan3.mahkamahagung.go.id/direktori/putusan/zaf0a350d24507e68ebc313433393536.html (PDF: putusan_1716_pid.sus_2025_pn_sby_20251110131751.pdf)
2025-11-10 13:18:08,271 - INFO - Successfully scraped and saved data and PDF for https://putusan3.mahkamahagung.go.id/direktori/putusan/zaf0a2b43d85a5e4aead313935393035.html (PDF: putusan_1901_pid.sus_2025_pn_sby_20251110131804.pdf)
2025-11-10 13:18:18,571 - INFO - Successfully scraped and saved data and PDF for https://putusan3.mahkamahagung.go.id/direktori/putusan/zaf0a2b43d85a5e4aead313935393035.html (PDF: putusan_1901_pid.sus_2025_pn_sby_20251110131812.pdf)
2025-11-10 13:18:37,679 - INFO - Successfully scraped and saved data and PDF for https://putusan3.mahkamahagung.go.id/direktori/putusan/zaf0a2a4659fe784a12e313830353431.html (PDF: putusan_1933_pid.sus_2025_pn_sby_20251110131831.pdf)
2025-11-10 13:18:45,599 - INFO - Successfully scraped and saved data and PDF for https://putusan3.mahkamahagung.go.id/direktori/putusan/zaf0a2a4659fe784a12e313830353431.html (PDF: putusan_1933_pid.sus_2025_pn_sby_20251110131842.pdf)
2025-11-10 13:19:03,607 - INFO - Successfully scraped and saved data and PDF for https://putusan3.mahkamahagung.go.id/direktori/putusan/zaf0a2a2f74f2cd2a121313735353236.html (PDF: putusan_1794_pid.sus_2025_pn_sby_20251110131900.pdf)
2025-11-10 13:19:03,616 - INFO - Successfully scraped and saved data and PDF for https://putusan3.mahkamahagung.go.id/direktori/putusan/zaf0a2a2f74f2cd2a121313735353236.html (PDF: putusan_1794_pid.sus_2025_pn_sby_20251110131856.pdf)
2025-11-10 13:19:25,435 - INFO - Successfully scraped and saved data and PDF for https://putusan3.mahkamahagung.go.id/direktori/putusan/zaf0a29790d79d78b461313633333530.html (PDF: putusan_1864_pid.sus_2025_pn_sby_20251110131920.pdf)
2025-11-10 13:19:27,430 - INFO - Successfully scraped and saved data and PDF for https://putusan3.mahkamahagung.go.id/direktori/putusan/zaf0a29790d79d78b461313633333530.html (PDF: putusan_1864_pid.sus_2025_pn_sby_20251110131924.pdf)
2025-11-10 13:19:47,668 - INFO - Successfully scraped and saved data and PDF for https://putusan3.mahkamahagung.go.id/direktori/putusan/zaf0a295d3a90166ac3f313632313233.html (PDF: putusan_1897_pid.sus_2025_pn_sby_20251110131943.pdf)
2025-11-10 13:19:53,572 - INFO - Successfully scraped and saved data and PDF for https://putusan3.mahkamahagung.go.id/direktori/putusan/zaf0a295d3a90166ac3f313632313233.html (PDF: putusan_1897_pid.sus_2025_pn_sby_20251110131949.pdf)
2025-11-10 13:20:11,177 - INFO - Successfully scraped and saved data and PDF for https://putusan3.mahkamahagung.go.id/direktori/putusan/zaf0a28e646c55de981b313532383130.html (PDF: putusan_1681_pid.sus_2025_pn_sby_20251110132006.pdf)
2025-11-10 13:20:19,236 - INFO - Successfully scraped and saved data and PDF for https://putusan3.mahkamahagung.go.id/direktori/putusan/zaf0a28e646c55de981b313532383130.html (PDF: putusan_1681_pid.sus_2025_pn_sby_20251110132015.pdf)
2025-11-10 13:20:39,072 - INFO - Successfully scraped and saved data and PDF for https://putusan3.mahkamahagung.go.id/direktori/putusan/zaf0a28e47005568b1c5313532373230.html (PDF: putusan_1843_pid.sus_2025_pn_sby_20251110132031.pdf)
2025-11-10 13:20:43,768 - INFO - Successfully scraped and saved data and PDF for https://putusan3.mahkamahagung.go.id/direktori/putusan/zaf0a28e47005568b1c5313532373230.html (PDF: putusan_1843_pid.sus_2025_pn_sby_20251110132039.pdf)
2025-11-10 13:20:59,360 - INFO - Successfully scraped and saved data and PDF for https://putusan3.mahkamahagung.go.id/direktori/putusan/zaf0a19a1cf05d76a2e1313031393333.html (PDF: putusan_1492_pid.sus_2025_pn_sby_20251110132055.pdf)
2025-11-10 13:21:03,873 - INFO - Successfully scraped and saved data and PDF for https://putusan3.mahkamahagung.go.id/direktori/putusan/zaf0a19a1cf05d76a2e1313031393333.html (PDF: putusan_1492_pid.sus_2025_pn_sby_20251110132101.pdf)
2025-11-10 13:21:21,396 - WARNING - Failed to download PDF for https://putusan3.mahkamahagung.go.id/direktori/putusan/zaf09f5634317628a948313330383234.html: 'NoneType' object is not subscriptable
2025-11-10 13:21:26,130 - WARNING - Failed to download PDF for https://putusan3.mahkamahagung.go.id/direktori/putusan/zaf09f35fd371f30ade9303931373437.html: 'NoneType' object is not subscriptable
2025-11-10 13:21:27,633 - WARNING - Failed to download PDF for https://putusan3.mahkamahagung.go.id/direktori/putusan/zaf09eae12f312e4b56c313730343532.html: 'NoneType' object is not subscriptable
2025-11-10 13:21:28,184 - WARNING - Failed to download PDF for https://putusan3.mahkamahagung.go.id/direktori/putusan/zaf09f5634317628a948313330383234.html: 'NoneType' object is not subscriptable
2025-11-10 13:22:13,625 - WARNING - Failed to download PDF for https://putusan3.mahkamahagung.go.id/direktori/putusan/zaf09f35fd371f30ade9303931373437.html: 'NoneType' object is not subscriptable
2025-11-10 13:22:17,467 - WARNING - Failed to download PDF for https://putusan3.mahkamahagung.go.id/direktori/putusan/zaf09ea13777a510b933313533323530.html: 'NoneType' object is not subscriptable
2025-11-10 13:22:30,791 - WARNING - Failed to download PDF for https://putusan3.mahkamahagung.go.id/direktori/putusan/zaf09eae12f312e4b56c313730343532.html: 'NoneType' object is not subscriptable
2025-11-10 13:22:55,479 - WARNING - Failed to download PDF for https://putusan3.mahkamahagung.go.id/direktori/putusan/zaf09ea13777a510b933313533323530.html: 'NoneType' object is not subscriptable
2025-11-10 13:23:03,806 - INFO - Successfully scraped and saved data and PDF for https://putusan3.mahkamahagung.go.id/direktori/putusan/zaeff033043ad8a685f1313630353337.html (PDF: putusan_2010_pid.sus_2024_pn_sby_20251110132256.pdf)
2025-11-10 13:23:54,136 - INFO - Successfully scraped and saved data and PDF for https://putusan3.mahkamahagung.go.id/direktori/putusan/zaf02b393153703c87c6313834383238.html (PDF: putusan_609_pid.sus_2025_pn_sby_20251110132346.pdf)
2025-11-10 13:23:55,375 - INFO - Successfully scraped and saved data and PDF for https://putusan3.mahkamahagung.go.id/direktori/putusan/zaeff033043ad8a685f1313630353337.html (PDF: putusan_2010_pid.sus_2024_pn_sby_20251110132352.pdf)
2025-11-10 13:23:55,379 - INFO - Skipping duplicate URL: https://putusan3.mahkamahagung.go.id/direktori/putusan/zaf02b393153703c87c6313834383238.html
2025-11-10 13:24:43,369 - INFO - Successfully scraped and saved data and PDF for https://putusan3.mahkamahagung.go.id/direktori/putusan/zaefeeb6cc427d3cb536313834333535.html (PDF: putusan_2385_pid.sus_2024_pn_sby_20251110132436.pdf)
2025-11-10 13:24:46,214 - INFO - Successfully scraped and saved data and PDF for https://putusan3.mahkamahagung.go.id/direktori/putusan/zaefeeb6cc427d3cb536313834333535.html (PDF: putusan_2385_pid.sus_2024_pn_sby_20251110132441.pdf)
2025-11-10 13:25:31,929 - INFO - Successfully scraped and saved data and PDF for https://putusan3.mahkamahagung.go.id/direktori/putusan/zaf025b06269984c8aaa313734363334.html (PDF: putusan_566_pid.sus_2025_pn_sby_20251110132525.pdf)
2025-11-10 13:25:48,017 - INFO - Successfully scraped and saved data and PDF for https://putusan3.mahkamahagung.go.id/direktori/putusan/zaf025b06269984c8aaa313734363334.html (PDF: putusan_566_pid.sus_2025_pn_sby_20251110132540.pdf)
2025-11-10 13:26:54,204 - INFO - Successfully scraped and saved data and PDF for https://putusan3.mahkamahagung.go.id/direktori/putusan/zaefd4b7a31ea5fcb26a313634343235.html (PDF: putusan_2243_pid.sus_2024_pn_sby_20251110132650.pdf)
2025-11-10 13:27:00,513 - INFO - Successfully scraped and saved data and PDF for https://putusan3.mahkamahagung.go.id/direktori/putusan/zaefd4b7a31ea5fcb26a313634343235.html (PDF: putusan_2243_pid.sus_2024_pn_sby_20251110132656.pdf)
2025-11-10 13:27:58,023 - INFO - Successfully scraped and saved data and PDF for https://putusan3.mahkamahagung.go.id/direktori/putusan/zaefee738270ad5c8524313034323134.html (PDF: putusan_2454_pid.sus_2024_pn_sby_20251110132754.pdf)
2025-11-10 13:28:07,019 - INFO - Successfully scraped and saved data and PDF for https://putusan3.mahkamahagung.go.id/direktori/putusan/zaefee738270ad5c8524313034323134.html (PDF: putusan_2454_pid.sus_2024_pn_sby_20251110132803.pdf)
2025-11-10 13:29:23,648 - INFO - Successfully scraped and saved data and PDF for https://putusan3.mahkamahagung.go.id/direktori/putusan/zaf02a6ce25d53a2bfcd313832353539.html (PDF: putusan_482_pid.sus_2025_pn_sby_20251110132911.pdf)
2025-11-10 13:30:02,161 - WARNING - Failed to download PDF for https://putusan3.mahkamahagung.go.id/direktori/putusan/zaefe24f20659fe499f6323335313334.html: 'NoneType' object is not subscriptable
2025-11-10 13:31:05,517 - INFO - Successfully scraped and saved data and PDF for https://putusan3.mahkamahagung.go.id/direktori/putusan/zaf02b2ec138090ca7b3313733333435.html (PDF: putusan_579_pid.sus_2025_pn_sby_20251110133058.pdf)
2025-11-10 13:31:52,905 - INFO - Successfully scraped and saved data and PDF for https://putusan3.mahkamahagung.go.id/direktori/putusan/zaefd4b69708fbe2a3f6313633363535.html (PDF: putusan_1982_pid.sus_2024_pn_sby_20251110133149.pdf)
2025-11-10 13:34:05,271 - INFO - Successfully scraped and saved data and PDF for https://putusan3.mahkamahagung.go.id/direktori/putusan/zaefd7ed6e5bf4d09ea2313834373033.html (PDF: putusan_2335_pid.sus_2024_pn_sby_20251110133359.pdf)
2025-11-10 13:35:20,157 - INFO - Successfully scraped and saved data and PDF for https://putusan3.mahkamahagung.go.id/direktori/putusan/zaf04c50aa833c2abcdd323132393339.html (PDF: putusan_772_pid.sus_2025_pn_sby_20251110133516.pdf)
2025-11-10 13:36:11,116 - INFO - Successfully scraped and saved data and PDF for https://putusan3.mahkamahagung.go.id/direktori/putusan/zaf025aeab4b25aa9367313733343137.html (PDF: putusan_551_pid.sus_2025_pn_sby_20251110133607.pdf)
2025-11-10 13:36:54,519 - INFO - Successfully scraped and saved data and PDF for https://putusan3.mahkamahagung.go.id/direktori/putusan/zaefd7e5d0f591948364313735323332.html (PDF: putusan_2247_pid.sus_2024_pn_sby_20251110133648.pdf)
2025-11-10 13:36:54,521 - INFO - Processing page: https://putusan3.mahkamahagung.go.id/direktori/index/pengadilan/pn-surabaya/kategori/narkotika-dan-psikotropika-1/tahunjenis/putus/tahun/2025.html?page=6&obf=TANGGAL_PUTUS&obm=desc
2025-11-10 13:37:44,606 - INFO - Processing page: https://putusan3.mahkamahagung.go.id/direktori/index/pengadilan/pn-surabaya/kategori/narkotika-dan-psikotropika-1/tahunjenis/putus/tahun/2025.html?page=7&obf=TANGGAL_PUTUS&obm=desc
2025-11-10 13:38:39,031 - INFO - Processing page: https://putusan3.mahkamahagung.go.id/direktori/index/pengadilan/pn-surabaya/kategori/narkotika-dan-psikotropika-1/tahunjenis/putus/tahun/2025.html?page=8&obf=TANGGAL_PUTUS&obm=desc
