2025-11-10 13:47:29,904 - INFO - Found 50 PDF files to process
2025-11-10 13:47:29,905 - INFO - Processing: putusan_1492_pid.sus_2025_pn_sby_20251110132055.pdf
2025-11-10 13:47:30,557 - INFO - Successfully processed: putusan_1492_pid.sus_2025_pn_sby_20251110132055.pdf
2025-11-10 13:47:30,558 - INFO - Processing: putusan_1492_pid.sus_2025_pn_sby_20251110132101.pdf
2025-11-10 13:47:31,189 - INFO - Successfully processed: putusan_1492_pid.sus_2025_pn_sby_20251110132101.pdf
2025-11-10 13:47:31,190 - INFO - Processing: putusan_1631_pid.sus_2025_pn_sby_20251110131613.pdf
2025-11-10 13:47:31,770 - INFO - Successfully processed: putusan_1631_pid.sus_2025_pn_sby_20251110131613.pdf
2025-11-10 13:47:31,770 - INFO - Processing: putusan_1631_pid.sus_2025_pn_sby_20251110131618.pdf
2025-11-10 13:47:32,329 - INFO - Successfully processed: putusan_1631_pid.sus_2025_pn_sby_20251110131618.pdf
2025-11-10 13:47:32,329 - INFO - Processing: putusan_1681_pid.sus_2025_pn_sby_20251110132006.pdf
2025-11-10 13:47:32,628 - INFO - Successfully processed: putusan_1681_pid.sus_2025_pn_sby_20251110132006.pdf
2025-11-10 13:47:32,629 - INFO - Processing: putusan_1681_pid.sus_2025_pn_sby_20251110132015.pdf
2025-11-10 13:47:32,932 - INFO - Successfully processed: putusan_1681_pid.sus_2025_pn_sby_20251110132015.pdf
2025-11-10 13:47:32,932 - INFO - Processing: putusan_1716_pid.sus_2025_pn_sby_20251110131727.pdf
2025-11-10 13:47:33,393 - INFO - Successfully processed: putusan_1716_pid.sus_2025_pn_sby_20251110131727.pdf
2025-11-10 13:47:33,395 - INFO - Processing: putusan_1716_pid.sus_2025_pn_sby_20251110131751.pdf
2025-11-10 13:47:33,835 - INFO - Successfully processed: putusan_1716_pid.sus_2025_pn_sby_20251110131751.pdf
2025-11-10 13:47:33,836 - INFO - Processing: putusan_1770_pid.sus_2025_pn_sby_20251110131711.pdf
2025-11-10 13:47:34,309 - INFO - Successfully processed: putusan_1770_pid.sus_2025_pn_sby_20251110131711.pdf
2025-11-10 13:47:34,310 - INFO - Processing: putusan_1770_pid.sus_2025_pn_sby_20251110131720.pdf
2025-11-10 13:47:34,799 - INFO - Successfully processed: putusan_1770_pid.sus_2025_pn_sby_20251110131720.pdf
2025-11-10 13:47:34,800 - INFO - Processing: putusan_1794_pid.sus_2025_pn_sby_20251110131856.pdf
2025-11-10 13:47:35,255 - INFO - Successfully processed: putusan_1794_pid.sus_2025_pn_sby_20251110131856.pdf
2025-11-10 13:47:35,256 - INFO - Processing: putusan_1794_pid.sus_2025_pn_sby_20251110131900.pdf
2025-11-10 13:47:35,735 - INFO - Successfully processed: putusan_1794_pid.sus_2025_pn_sby_20251110131900.pdf
2025-11-10 13:47:35,736 - INFO - Processing: putusan_1801_pid.sus_2025_pn_sby_20251110131119.pdf
2025-11-10 13:47:36,196 - INFO - Successfully processed: putusan_1801_pid.sus_2025_pn_sby_20251110131119.pdf
2025-11-10 13:47:36,197 - INFO - Processing: putusan_1843_pid.sus_2025_pn_sby_20251110132031.pdf
2025-11-10 13:47:36,727 - INFO - Successfully processed: putusan_1843_pid.sus_2025_pn_sby_20251110132031.pdf
2025-11-10 13:47:36,727 - INFO - Processing: putusan_1843_pid.sus_2025_pn_sby_20251110132039.pdf
2025-11-10 13:47:37,261 - INFO - Successfully processed: putusan_1843_pid.sus_2025_pn_sby_20251110132039.pdf
2025-11-10 13:47:37,262 - INFO - Processing: putusan_1846_pid.sus_2025_pn_sby_20251110131255.pdf
2025-11-10 13:47:37,683 - INFO - Successfully processed: putusan_1846_pid.sus_2025_pn_sby_20251110131255.pdf
2025-11-10 13:47:37,684 - INFO - Processing: putusan_1846_pid.sus_2025_pn_sby_20251110131355.pdf
2025-11-10 13:47:38,145 - INFO - Successfully processed: putusan_1846_pid.sus_2025_pn_sby_20251110131355.pdf
2025-11-10 13:47:38,146 - INFO - Processing: putusan_1847_pid.sus_2025_pn_sby_20251110131528.pdf
2025-11-10 13:47:38,449 - INFO - Successfully processed: putusan_1847_pid.sus_2025_pn_sby_20251110131528.pdf
2025-11-10 13:47:38,451 - INFO - Processing: putusan_1847_pid.sus_2025_pn_sby_20251110131538.pdf
2025-11-10 13:47:38,792 - INFO - Successfully processed: putusan_1847_pid.sus_2025_pn_sby_20251110131538.pdf
2025-11-10 13:47:38,792 - INFO - Processing: putusan_1864_pid.sus_2025_pn_sby_20251110131920.pdf
2025-11-10 13:47:39,245 - INFO - Successfully processed: putusan_1864_pid.sus_2025_pn_sby_20251110131920.pdf
2025-11-10 13:47:39,246 - INFO - Processing: putusan_1864_pid.sus_2025_pn_sby_20251110131924.pdf
2025-11-10 13:47:39,734 - INFO - Successfully processed: putusan_1864_pid.sus_2025_pn_sby_20251110131924.pdf
2025-11-10 13:47:39,735 - INFO - Processing: putusan_1877_pid.sus_2025_pn_sby_20251110131655.pdf
2025-11-10 13:47:40,189 - INFO - Successfully processed: putusan_1877_pid.sus_2025_pn_sby_20251110131655.pdf
2025-11-10 13:47:40,191 - INFO - Processing: putusan_1897_pid.sus_2025_pn_sby_20251110131943.pdf
2025-11-10 13:47:40,853 - INFO - Successfully processed: putusan_1897_pid.sus_2025_pn_sby_20251110131943.pdf
2025-11-10 13:47:40,854 - INFO - Processing: putusan_1897_pid.sus_2025_pn_sby_20251110131949.pdf
2025-11-10 13:47:41,529 - INFO - Successfully processed: putusan_1897_pid.sus_2025_pn_sby_20251110131949.pdf
2025-11-10 13:47:41,530 - INFO - Processing: putusan_1901_pid.sus_2025_pn_sby_20251110131804.pdf
2025-11-10 13:47:42,126 - INFO - Successfully processed: putusan_1901_pid.sus_2025_pn_sby_20251110131804.pdf
2025-11-10 13:47:42,128 - INFO - Processing: putusan_1901_pid.sus_2025_pn_sby_20251110131812.pdf
2025-11-10 13:47:42,763 - INFO - Successfully processed: putusan_1901_pid.sus_2025_pn_sby_20251110131812.pdf
2025-11-10 13:47:42,765 - INFO - Processing: putusan_1933_pid.sus_2025_pn_sby_20251110131831.pdf
2025-11-10 13:47:43,228 - INFO - Successfully processed: putusan_1933_pid.sus_2025_pn_sby_20251110131831.pdf
2025-11-10 13:47:43,229 - INFO - Processing: putusan_1933_pid.sus_2025_pn_sby_20251110131842.pdf
2025-11-10 13:47:43,687 - INFO - Successfully processed: putusan_1933_pid.sus_2025_pn_sby_20251110131842.pdf
2025-11-10 13:47:43,688 - INFO - Processing: putusan_1946_pid.sus_2025_pn_sby_20251110131158.pdf
2025-11-10 13:47:44,081 - INFO - Successfully processed: putusan_1946_pid.sus_2025_pn_sby_20251110131158.pdf
2025-11-10 13:47:44,081 - INFO - Processing: putusan_1946_pid.sus_2025_pn_sby_20251110131200.pdf
2025-11-10 13:47:44,466 - INFO - Successfully processed: putusan_1946_pid.sus_2025_pn_sby_20251110131200.pdf
2025-11-10 13:47:44,466 - INFO - Processing: putusan_1946_pid.sus_2025_pn_sby_20251110131242.pdf
2025-11-10 13:47:44,854 - INFO - Successfully processed: putusan_1946_pid.sus_2025_pn_sby_20251110131242.pdf
2025-11-10 13:47:44,856 - INFO - Processing: putusan_1982_pid.sus_2024_pn_sby_20251110133149.pdf
2025-11-10 13:47:45,276 - INFO - Successfully processed: putusan_1982_pid.sus_2024_pn_sby_20251110133149.pdf
2025-11-10 13:47:45,277 - INFO - Processing: putusan_2010_pid.sus_2024_pn_sby_20251110132256.pdf
2025-11-10 13:47:46,041 - INFO - Successfully processed: putusan_2010_pid.sus_2024_pn_sby_20251110132256.pdf
2025-11-10 13:47:46,042 - INFO - Processing: putusan_2010_pid.sus_2024_pn_sby_20251110132352.pdf
2025-11-10 13:47:46,745 - INFO - Successfully processed: putusan_2010_pid.sus_2024_pn_sby_20251110132352.pdf
2025-11-10 13:47:46,746 - INFO - Processing: putusan_2243_pid.sus_2024_pn_sby_20251110132650.pdf
2025-11-10 13:47:47,285 - INFO - Successfully processed: putusan_2243_pid.sus_2024_pn_sby_20251110132650.pdf
2025-11-10 13:47:47,286 - INFO - Processing: putusan_2243_pid.sus_2024_pn_sby_20251110132656.pdf
2025-11-10 13:47:47,841 - INFO - Successfully processed: putusan_2243_pid.sus_2024_pn_sby_20251110132656.pdf
2025-11-10 13:47:47,842 - INFO - Processing: putusan_2247_pid.sus_2024_pn_sby_20251110133648.pdf
2025-11-10 13:47:48,268 - INFO - Successfully processed: putusan_2247_pid.sus_2024_pn_sby_20251110133648.pdf
2025-11-10 13:47:48,268 - INFO - Processing: putusan_2247_pid.sus_2024_pn_sby_20251110133816.pdf
2025-11-10 13:47:48,693 - INFO - Successfully processed: putusan_2247_pid.sus_2024_pn_sby_20251110133816.pdf
2025-11-10 13:47:48,693 - INFO - Processing: putusan_2335_pid.sus_2024_pn_sby_20251110133359.pdf
2025-11-10 13:47:49,275 - INFO - Successfully processed: putusan_2335_pid.sus_2024_pn_sby_20251110133359.pdf
2025-11-10 13:47:49,275 - INFO - Processing: putusan_2385_pid.sus_2024_pn_sby_20251110132436.pdf
2025-11-10 13:47:49,579 - INFO - Successfully processed: putusan_2385_pid.sus_2024_pn_sby_20251110132436.pdf
2025-11-10 13:47:49,580 - INFO - Processing: putusan_2385_pid.sus_2024_pn_sby_20251110132441.pdf
2025-11-10 13:47:49,874 - INFO - Successfully processed: putusan_2385_pid.sus_2024_pn_sby_20251110132441.pdf
2025-11-10 13:47:49,875 - INFO - Processing: putusan_2454_pid.sus_2024_pn_sby_20251110132754.pdf
2025-11-10 13:47:50,327 - INFO - Successfully processed: putusan_2454_pid.sus_2024_pn_sby_20251110132754.pdf
2025-11-10 13:47:50,328 - INFO - Processing: putusan_2454_pid.sus_2024_pn_sby_20251110132803.pdf
2025-11-10 13:47:50,771 - INFO - Successfully processed: putusan_2454_pid.sus_2024_pn_sby_20251110132803.pdf
2025-11-10 13:47:50,772 - INFO - Processing: putusan_482_pid.sus_2025_pn_sby_20251110132911.pdf
2025-11-10 13:47:51,774 - INFO - Successfully processed: putusan_482_pid.sus_2025_pn_sby_20251110132911.pdf
2025-11-10 13:47:51,774 - INFO - Processing: putusan_551_pid.sus_2025_pn_sby_20251110133607.pdf
2025-11-10 13:47:52,169 - INFO - Successfully processed: putusan_551_pid.sus_2025_pn_sby_20251110133607.pdf
2025-11-10 13:47:52,169 - INFO - Processing: putusan_566_pid.sus_2025_pn_sby_20251110132525.pdf
2025-11-10 13:47:52,650 - INFO - Successfully processed: putusan_566_pid.sus_2025_pn_sby_20251110132525.pdf
2025-11-10 13:47:52,650 - INFO - Processing: putusan_566_pid.sus_2025_pn_sby_20251110132540.pdf
2025-11-10 13:47:53,088 - INFO - Successfully processed: putusan_566_pid.sus_2025_pn_sby_20251110132540.pdf
2025-11-10 13:47:53,089 - INFO - Processing: putusan_579_pid.sus_2025_pn_sby_20251110133058.pdf
2025-11-10 13:47:53,645 - INFO - Successfully processed: putusan_579_pid.sus_2025_pn_sby_20251110133058.pdf
2025-11-10 13:47:53,645 - INFO - Processing: putusan_609_pid.sus_2025_pn_sby_20251110132346.pdf
2025-11-10 13:47:54,043 - INFO - Successfully processed: putusan_609_pid.sus_2025_pn_sby_20251110132346.pdf
2025-11-10 13:47:54,044 - INFO - Processing: putusan_772_pid.sus_2025_pn_sby_20251110133516.pdf
2025-11-10 13:47:54,345 - INFO - Successfully processed: putusan_772_pid.sus_2025_pn_sby_20251110133516.pdf
2025-11-10 13:47:54,736 - INFO - Results saved to overview_20251110_134754.xlsx
2025-11-10 13:47:54,741 - INFO - Detailed results saved to detailed_results_20251110_134754.json
2025-11-10 13:47:59,725 - WARNING - From C:\Users\Yurdan\miniconda3\envs\tf\lib\site-packages\keras\src\losses.py:2976: The name tf.losses.sparse_softmax_cross_entropy is deprecated. Please use tf.compat.v1.losses.sparse_softmax_cross_entropy instead.

2025-11-10 13:56:28,642 - INFO - Found 50 PDF files to process
2025-11-10 13:56:28,643 - INFO - Processing: putusan_1492_pid.sus_2025_pn_sby_20251110132055.pdf
2025-11-10 13:56:29,356 - INFO - Successfully processed: putusan_1492_pid.sus_2025_pn_sby_20251110132055.pdf - Found 4 barang bukti, 18 amar
2025-11-10 13:56:29,357 - INFO - Processing: putusan_1492_pid.sus_2025_pn_sby_20251110132101.pdf
2025-11-10 13:56:30,029 - INFO - Successfully processed: putusan_1492_pid.sus_2025_pn_sby_20251110132101.pdf - Found 4 barang bukti, 18 amar
2025-11-10 13:56:30,030 - INFO - Processing: putusan_1631_pid.sus_2025_pn_sby_20251110131613.pdf
2025-11-10 13:56:30,588 - INFO - Successfully processed: putusan_1631_pid.sus_2025_pn_sby_20251110131613.pdf - Found 6 barang bukti, 2 amar
2025-11-10 13:56:30,589 - INFO - Processing: putusan_1631_pid.sus_2025_pn_sby_20251110131618.pdf
2025-11-10 13:56:31,221 - INFO - Successfully processed: putusan_1631_pid.sus_2025_pn_sby_20251110131618.pdf - Found 6 barang bukti, 2 amar
2025-11-10 13:56:31,222 - INFO - Processing: putusan_1681_pid.sus_2025_pn_sby_20251110132006.pdf
2025-11-10 13:56:31,520 - INFO - Successfully processed: putusan_1681_pid.sus_2025_pn_sby_20251110132006.pdf - Found 1 barang bukti, 1 amar
2025-11-10 13:56:31,521 - INFO - Processing: putusan_1681_pid.sus_2025_pn_sby_20251110132015.pdf
2025-11-10 13:56:31,840 - INFO - Successfully processed: putusan_1681_pid.sus_2025_pn_sby_20251110132015.pdf - Found 1 barang bukti, 1 amar
2025-11-10 13:56:31,841 - INFO - Processing: putusan_1716_pid.sus_2025_pn_sby_20251110131727.pdf
2025-11-10 13:56:32,386 - INFO - Successfully processed: putusan_1716_pid.sus_2025_pn_sby_20251110131727.pdf - Found 3 barang bukti, 4 amar
2025-11-10 13:56:32,387 - INFO - Processing: putusan_1716_pid.sus_2025_pn_sby_20251110131751.pdf
2025-11-10 13:56:32,837 - INFO - Successfully processed: putusan_1716_pid.sus_2025_pn_sby_20251110131751.pdf - Found 3 barang bukti, 4 amar
2025-11-10 13:56:32,838 - INFO - Processing: putusan_1770_pid.sus_2025_pn_sby_20251110131711.pdf
2025-11-10 13:56:33,396 - INFO - Successfully processed: putusan_1770_pid.sus_2025_pn_sby_20251110131711.pdf - Found 7 barang bukti, 18 amar
2025-11-10 13:56:33,397 - INFO - Processing: putusan_1770_pid.sus_2025_pn_sby_20251110131720.pdf
2025-11-10 13:56:33,887 - INFO - Successfully processed: putusan_1770_pid.sus_2025_pn_sby_20251110131720.pdf - Found 7 barang bukti, 18 amar
2025-11-10 13:56:33,888 - INFO - Processing: putusan_1794_pid.sus_2025_pn_sby_20251110131856.pdf
2025-11-10 13:56:34,403 - INFO - Successfully processed: putusan_1794_pid.sus_2025_pn_sby_20251110131856.pdf - Found 2 barang bukti, 4 amar
2025-11-10 13:56:34,404 - INFO - Processing: putusan_1794_pid.sus_2025_pn_sby_20251110131900.pdf
2025-11-10 13:56:34,834 - INFO - Successfully processed: putusan_1794_pid.sus_2025_pn_sby_20251110131900.pdf - Found 2 barang bukti, 4 amar
2025-11-10 13:56:34,834 - INFO - Processing: putusan_1801_pid.sus_2025_pn_sby_20251110131119.pdf
2025-11-10 13:56:35,306 - INFO - Successfully processed: putusan_1801_pid.sus_2025_pn_sby_20251110131119.pdf - Found 6 barang bukti, 15 amar
2025-11-10 13:56:35,306 - INFO - Processing: putusan_1843_pid.sus_2025_pn_sby_20251110132031.pdf
2025-11-10 13:56:35,860 - INFO - Successfully processed: putusan_1843_pid.sus_2025_pn_sby_20251110132031.pdf - Found 14 barang bukti, 4 amar
2025-11-10 13:56:35,862 - INFO - Processing: putusan_1843_pid.sus_2025_pn_sby_20251110132039.pdf
2025-11-10 13:56:36,414 - INFO - Successfully processed: putusan_1843_pid.sus_2025_pn_sby_20251110132039.pdf - Found 14 barang bukti, 4 amar
2025-11-10 13:56:36,415 - INFO - Processing: putusan_1846_pid.sus_2025_pn_sby_20251110131255.pdf
2025-11-10 13:56:36,878 - INFO - Successfully processed: putusan_1846_pid.sus_2025_pn_sby_20251110131255.pdf - Found 6 barang bukti, 4 amar
2025-11-10 13:56:36,879 - INFO - Processing: putusan_1846_pid.sus_2025_pn_sby_20251110131355.pdf
2025-11-10 13:56:37,287 - INFO - Successfully processed: putusan_1846_pid.sus_2025_pn_sby_20251110131355.pdf - Found 6 barang bukti, 4 amar
2025-11-10 13:56:37,288 - INFO - Processing: putusan_1847_pid.sus_2025_pn_sby_20251110131528.pdf
2025-11-10 13:56:37,666 - INFO - Successfully processed: putusan_1847_pid.sus_2025_pn_sby_20251110131528.pdf - Found 4 barang bukti, 4 amar
2025-11-10 13:56:37,667 - INFO - Processing: putusan_1847_pid.sus_2025_pn_sby_20251110131538.pdf
2025-11-10 13:56:37,968 - INFO - Successfully processed: putusan_1847_pid.sus_2025_pn_sby_20251110131538.pdf - Found 4 barang bukti, 4 amar
2025-11-10 13:56:37,969 - INFO - Processing: putusan_1864_pid.sus_2025_pn_sby_20251110131920.pdf
2025-11-10 13:56:38,481 - INFO - Successfully processed: putusan_1864_pid.sus_2025_pn_sby_20251110131920.pdf - Found 1 barang bukti, 1 amar
2025-11-10 13:56:38,482 - INFO - Processing: putusan_1864_pid.sus_2025_pn_sby_20251110131924.pdf
2025-11-10 13:56:38,931 - INFO - Successfully processed: putusan_1864_pid.sus_2025_pn_sby_20251110131924.pdf - Found 1 barang bukti, 1 amar
2025-11-10 13:56:38,933 - INFO - Processing: putusan_1877_pid.sus_2025_pn_sby_20251110131655.pdf
2025-11-10 13:56:39,345 - INFO - Successfully processed: putusan_1877_pid.sus_2025_pn_sby_20251110131655.pdf - Found 4 barang bukti, 3 amar
2025-11-10 13:56:39,346 - INFO - Processing: putusan_1897_pid.sus_2025_pn_sby_20251110131943.pdf
2025-11-10 13:56:40,076 - INFO - Successfully processed: putusan_1897_pid.sus_2025_pn_sby_20251110131943.pdf - Found 7 barang bukti, 2 amar
2025-11-10 13:56:40,076 - INFO - Processing: putusan_1897_pid.sus_2025_pn_sby_20251110131949.pdf
2025-11-10 13:56:40,783 - INFO - Successfully processed: putusan_1897_pid.sus_2025_pn_sby_20251110131949.pdf - Found 7 barang bukti, 2 amar
2025-11-10 13:56:40,784 - INFO - Processing: putusan_1901_pid.sus_2025_pn_sby_20251110131804.pdf
2025-11-10 13:56:41,322 - INFO - Successfully processed: putusan_1901_pid.sus_2025_pn_sby_20251110131804.pdf - Found 7 barang bukti, 3 amar
2025-11-10 13:56:41,322 - INFO - Processing: putusan_1901_pid.sus_2025_pn_sby_20251110131812.pdf
2025-11-10 13:56:41,972 - INFO - Successfully processed: putusan_1901_pid.sus_2025_pn_sby_20251110131812.pdf - Found 7 barang bukti, 3 amar
2025-11-10 13:56:41,972 - INFO - Processing: putusan_1933_pid.sus_2025_pn_sby_20251110131831.pdf
2025-11-10 13:56:42,467 - INFO - Successfully processed: putusan_1933_pid.sus_2025_pn_sby_20251110131831.pdf - Found 4 barang bukti, 4 amar
2025-11-10 13:56:42,468 - INFO - Processing: putusan_1933_pid.sus_2025_pn_sby_20251110131842.pdf
2025-11-10 13:56:42,915 - INFO - Successfully processed: putusan_1933_pid.sus_2025_pn_sby_20251110131842.pdf - Found 4 barang bukti, 4 amar
2025-11-10 13:56:42,915 - INFO - Processing: putusan_1946_pid.sus_2025_pn_sby_20251110131158.pdf
2025-11-10 13:56:43,292 - INFO - Successfully processed: putusan_1946_pid.sus_2025_pn_sby_20251110131158.pdf - Found 5 barang bukti, 3 amar
2025-11-10 13:56:43,293 - INFO - Processing: putusan_1946_pid.sus_2025_pn_sby_20251110131200.pdf
2025-11-10 13:56:43,735 - INFO - Successfully processed: putusan_1946_pid.sus_2025_pn_sby_20251110131200.pdf - Found 5 barang bukti, 3 amar
2025-11-10 13:56:43,736 - INFO - Processing: putusan_1946_pid.sus_2025_pn_sby_20251110131242.pdf
2025-11-10 13:56:44,116 - INFO - Successfully processed: putusan_1946_pid.sus_2025_pn_sby_20251110131242.pdf - Found 5 barang bukti, 3 amar
2025-11-10 13:56:44,117 - INFO - Processing: putusan_1982_pid.sus_2024_pn_sby_20251110133149.pdf
2025-11-10 13:56:44,509 - INFO - Successfully processed: putusan_1982_pid.sus_2024_pn_sby_20251110133149.pdf - Found 11 barang bukti, 4 amar
2025-11-10 13:56:44,510 - INFO - Processing: putusan_2010_pid.sus_2024_pn_sby_20251110132256.pdf
2025-11-10 13:56:45,256 - INFO - Successfully processed: putusan_2010_pid.sus_2024_pn_sby_20251110132256.pdf - Found 3 barang bukti, 2 amar
2025-11-10 13:56:45,257 - INFO - Processing: putusan_2010_pid.sus_2024_pn_sby_20251110132352.pdf
2025-11-10 13:56:46,009 - INFO - Successfully processed: putusan_2010_pid.sus_2024_pn_sby_20251110132352.pdf - Found 3 barang bukti, 2 amar
2025-11-10 13:56:46,010 - INFO - Processing: putusan_2243_pid.sus_2024_pn_sby_20251110132650.pdf
2025-11-10 13:56:46,538 - INFO - Successfully processed: putusan_2243_pid.sus_2024_pn_sby_20251110132650.pdf - Found 2 barang bukti, 16 amar
2025-11-10 13:56:46,538 - INFO - Processing: putusan_2243_pid.sus_2024_pn_sby_20251110132656.pdf
2025-11-10 13:56:47,155 - INFO - Successfully processed: putusan_2243_pid.sus_2024_pn_sby_20251110132656.pdf - Found 2 barang bukti, 16 amar
2025-11-10 13:56:47,156 - INFO - Processing: putusan_2247_pid.sus_2024_pn_sby_20251110133648.pdf
2025-11-10 13:56:47,620 - INFO - Successfully processed: putusan_2247_pid.sus_2024_pn_sby_20251110133648.pdf - Found 14 barang bukti, 2 amar
2025-11-10 13:56:47,621 - INFO - Processing: putusan_2247_pid.sus_2024_pn_sby_20251110133816.pdf
2025-11-10 13:56:47,996 - INFO - Successfully processed: putusan_2247_pid.sus_2024_pn_sby_20251110133816.pdf - Found 14 barang bukti, 2 amar
2025-11-10 13:56:47,997 - INFO - Processing: putusan_2335_pid.sus_2024_pn_sby_20251110133359.pdf
2025-11-10 13:56:48,556 - INFO - Successfully processed: putusan_2335_pid.sus_2024_pn_sby_20251110133359.pdf - Found 11 barang bukti, 3 amar
2025-11-10 13:56:48,556 - INFO - Processing: putusan_2385_pid.sus_2024_pn_sby_20251110132436.pdf
2025-11-10 13:56:48,835 - INFO - Successfully processed: putusan_2385_pid.sus_2024_pn_sby_20251110132436.pdf - Found 5 barang bukti, 4 amar
2025-11-10 13:56:48,836 - INFO - Processing: putusan_2385_pid.sus_2024_pn_sby_20251110132441.pdf
2025-11-10 13:56:49,100 - INFO - Successfully processed: putusan_2385_pid.sus_2024_pn_sby_20251110132441.pdf - Found 5 barang bukti, 4 amar
2025-11-10 13:56:49,101 - INFO - Processing: putusan_2454_pid.sus_2024_pn_sby_20251110132754.pdf
2025-11-10 13:56:49,590 - INFO - Successfully processed: putusan_2454_pid.sus_2024_pn_sby_20251110132754.pdf - Found 7 barang bukti, 3 amar
2025-11-10 13:56:49,591 - INFO - Processing: putusan_2454_pid.sus_2024_pn_sby_20251110132803.pdf
2025-11-10 13:56:50,001 - INFO - Successfully processed: putusan_2454_pid.sus_2024_pn_sby_20251110132803.pdf - Found 7 barang bukti, 3 amar
2025-11-10 13:56:50,002 - INFO - Processing: putusan_482_pid.sus_2025_pn_sby_20251110132911.pdf
2025-11-10 13:56:51,047 - INFO - Successfully processed: putusan_482_pid.sus_2025_pn_sby_20251110132911.pdf - Found 5 barang bukti, 2 amar
2025-11-10 13:56:51,048 - INFO - Processing: putusan_551_pid.sus_2025_pn_sby_20251110133607.pdf
2025-11-10 13:56:51,414 - INFO - Successfully processed: putusan_551_pid.sus_2025_pn_sby_20251110133607.pdf - Found 4 barang bukti, 17 amar
2025-11-10 13:56:51,414 - INFO - Processing: putusan_566_pid.sus_2025_pn_sby_20251110132525.pdf
2025-11-10 13:56:51,902 - INFO - Successfully processed: putusan_566_pid.sus_2025_pn_sby_20251110132525.pdf - Found 3 barang bukti, 3 amar
2025-11-10 13:56:51,903 - INFO - Processing: putusan_566_pid.sus_2025_pn_sby_20251110132540.pdf
2025-11-10 13:56:52,389 - INFO - Successfully processed: putusan_566_pid.sus_2025_pn_sby_20251110132540.pdf - Found 3 barang bukti, 3 amar
2025-11-10 13:56:52,390 - INFO - Processing: putusan_579_pid.sus_2025_pn_sby_20251110133058.pdf
2025-11-10 13:56:52,874 - INFO - Successfully processed: putusan_579_pid.sus_2025_pn_sby_20251110133058.pdf - Found 14 barang bukti, 12 amar
2025-11-10 13:56:52,875 - INFO - Processing: putusan_609_pid.sus_2025_pn_sby_20251110132346.pdf
2025-11-10 13:56:53,306 - INFO - Successfully processed: putusan_609_pid.sus_2025_pn_sby_20251110132346.pdf - Found 9 barang bukti, 12 amar
2025-11-10 13:56:53,308 - INFO - Processing: putusan_772_pid.sus_2025_pn_sby_20251110133516.pdf
2025-11-10 13:56:53,587 - INFO - Successfully processed: putusan_772_pid.sus_2025_pn_sby_20251110133516.pdf - Found 11 barang bukti, 2 amar
2025-11-10 13:56:53,629 - INFO - Results saved to overview_20251110_135653.xlsx
2025-11-10 13:56:53,632 - INFO - Detailed results saved to detailed_results_20251110_135653.json
